<?xml version="1.0" encoding="UTF-8" ?>
<testsuite tests="3" failures="0" name="com.taehosoft.learning.HelloMavenTest" time="0.016" errors="0" skipped="0">
  <properties>
[...]
</properties>
  <testcase classname="com.taehosoft.learning.HelloMavenTest" name="testGreetingDefault" time="0.002"/>
  <testcase classname="com.taehosoft.learning.HelloMavenTest" name="testSetGreeting" time="0"/>
  <testcase classname="com.taehosoft.learning.HelloMavenTest" name="testGreeting" time="0.014"/>
</testsuite>